<?xml version="1.0" encoding="UTF-8"?>
<!-- Generated by org.testng.reporters.JUnitReportReporter -->
<testsuite skipped="0" hostname="ip-172-31-90-105" name="selenium.test" tests="1" failures="0" timestamp="28 Mar 2020 15:05:02 GMT" time="3.224" errors="0">
  <testcase name="hello" time="3.224" classname="selenium.test"/>
</testsuite> <!-- selenium.test -->
